cl : 命令行  warning D9035: “Gm”选项已否决，并将在将来的版本中移除
  SimpleGLUT.cpp
Z:\ComputerAnimation\ComputerAnimationProject\SimpleGLUT\Dependencies\eigen-3.4.0\Eigen\src\Core\arch\Default\Half.h(1,1): warning C4819: 该文件包含不能在当前代码页(936)中表示的字符。请将该文件保存为 Unicode 格式以防止数据丢失
  (编译源文件“/SimpleGLUT.cpp”)
  
Z:\ComputerAnimation\ComputerAnimationProject\SimpleGLUT\Dependencies\eigen-3.4.0\Eigen\src\Core\arch\Default\BFloat16.h(1,1): warning C4819: 该文件包含不能在当前代码页(936)中表示的字符。请将该文件保存为 Unicode 格式以防止数据丢失
  (编译源文件“/SimpleGLUT.cpp”)
  
Z:\ComputerAnimation\ComputerAnimationProject\SimpleGLUT\Dependencies\eigen-3.4.0\Eigen\src\Core\arch\Default\GenericPacketMathFunctions.h(676,1): warning C4819: 该文件包含不能在当前代码页(936)中表示的字符。请将该文件保存为 Unicode 格式以防止数据丢失
  (编译源文件“/SimpleGLUT.cpp”)
  
Z:\ComputerAnimation\ComputerAnimationProject\SimpleGLUT\mylib.hpp(52,68): warning C4805: “==”: 在操作中将类型“bool”与类型“float”混合不安全
  (编译源文件“/SimpleGLUT.cpp”)
  
Z:\ComputerAnimation\ComputerAnimationProject\SimpleGLUT\mylib.hpp(52,76): warning C4805: “==”: 在操作中将类型“bool”与类型“const float”混合不安全
  (编译源文件“/SimpleGLUT.cpp”)
  
Z:\ComputerAnimation\ComputerAnimationProject\SimpleGLUT\mylib.hpp(187,20): warning C4018: “<=”: 有符号/无符号不匹配
  (编译源文件“/SimpleGLUT.cpp”)
  
Z:\ComputerAnimation\ComputerAnimationProject\SimpleGLUT\mylib.hpp(241,20): warning C4018: “<=”: 有符号/无符号不匹配
  (编译源文件“/SimpleGLUT.cpp”)
  
Z:\ComputerAnimation\ComputerAnimationProject\SimpleGLUT\mylib.hpp(273,20): warning C4018: “<”: 有符号/无符号不匹配
  (编译源文件“/SimpleGLUT.cpp”)
  
Z:\ComputerAnimation\ComputerAnimationProject\SimpleGLUT\SimpleGLUT.cpp(70,19): warning C4018: “<”: 有符号/无符号不匹配
  (编译源文件“/SimpleGLUT.cpp”)
  
  SimpleGLUT.vcxproj -> Z:\ComputerAnimation\ComputerAnimationProject\SimpleGLUT\Debug\SimpleGLUT.exe
